Build started 4/5/2015 1:00:17 AM.
     1>Project "D:\Projects\Dogeball\Dogeball\Dogeball.vcxproj" on node 2 (Build target(s)).
     1>ClCompile:
         C:\Program Files (x86)\Microsoft Visual Studio 11.0\VC\bin\CL.exe /c /ZI /nologo /W3 /WX- /sdl /Od /Oy- /D _MBCS /Gm /EHsc /RTC1 /MD /GS /fp:precise /Zc:wchar_t /Zc:forScope /Fo"Debug\\" /Fd"Debug\vc110.pdb" /Gd /TP /analyze- /errorReport:prompt Attacker_Graphics.cpp Attacker_Input.cpp Attacker_Physics.cpp Component_Actor_Input.cpp Component_Actor_Physics.cpp Component_Character_Graphics.cpp Component_Doge_Physics.cpp Component_Menu_Graphics.cpp Dodger_Graphics.cpp Dodger_Input.cpp Dodger_Physics.cpp Dodger_States.cpp Doge.cpp Doge_Graphics.cpp Doge_Handler.cpp Doge_Physics_Arr.cpp Doge_Physics_Big.cpp Doge_Physics_Med.cpp Doge_Physics_Sml.cpp Game_Actor.cpp Game_Renderer.cpp Game_Sounds.cpp Game_Text.cpp High_Score_Graphics.cpp How2Play_Graphics.cpp Main.cpp Main_Loop.cpp Main_Menu_Graphics.cpp Menu.cpp Menu_Handler.cpp Menu_Input.cpp Options_Menu_Graphics.cpp Player_Select_Graphics.cpp Sprite.cpp
         Main_Loop.cpp
     1>d:\projects\dogeball\dogeball\menu_input.h(39): error C2535: 'void Menu_Input::HandleMouse(const SDL_Event &)' : member function already defined or declared
                 d:\projects\dogeball\dogeball\menu_input.h(37) : see declaration of 'Menu_Input::HandleMouse'
         Main.cpp
     1>d:\projects\dogeball\dogeball\menu_input.h(39): error C2535: 'void Menu_Input::HandleMouse(const SDL_Event &)' : member function already defined or declared
                 d:\projects\dogeball\dogeball\menu_input.h(37) : see declaration of 'Menu_Input::HandleMouse'
         Doge_Handler.cpp
         Doge.cpp
         Dodger_Physics.cpp
     1>d:\projects\dogeball\dogeball\dodger_physics.cpp(33): warning C4244: '=' : conversion from 'int' to 'float', possible loss of data
     1>d:\projects\dogeball\dogeball\dodger_physics.cpp(57): warning C4244: 'argument' : conversion from 'float' to 'int', possible loss of data
     1>d:\projects\dogeball\dogeball\dodger_physics.cpp(65): warning C4244: '=' : conversion from 'int' to 'float', possible loss of data
     1>d:\projects\dogeball\dogeball\dodger_physics.cpp(89): warning C4244: 'argument' : conversion from 'float' to 'int', possible loss of data
     1>d:\projects\dogeball\dogeball\dodger_physics.cpp(91): warning C4244: 'argument' : conversion from 'float' to 'int', possible loss of data
         Dodger_Input.cpp
         Component_Menu_Graphics.cpp
         Component_Doge_Physics.cpp
     1>d:\projects\dogeball\dogeball\component_doge_physics.cpp(10): warning C4244: '=' : conversion from 'int' to 'float', possible loss of data
     1>d:\projects\dogeball\dogeball\component_doge_physics.cpp(11): warning C4244: '=' : conversion from 'int' to 'float', possible loss of data
     1>d:\projects\dogeball\dogeball\component_doge_physics.cpp(29): warning C4244: 'argument' : conversion from 'float' to 'int', possible loss of data
     1>d:\projects\dogeball\dogeball\component_doge_physics.cpp(35): warning C4244: 'argument' : conversion from 'float' to 'int', possible loss of data
     1>d:\projects\dogeball\dogeball\component_doge_physics.cpp(36): warning C4244: 'argument' : conversion from 'float' to 'int', possible loss of data
     1>d:\projects\dogeball\dogeball\component_doge_physics.cpp(42): warning C4244: 'argument' : conversion from 'float' to 'int', possible loss of data
     1>d:\projects\dogeball\dogeball\component_doge_physics.cpp(43): warning C4244: 'argument' : conversion from 'float' to 'int', possible loss of data
     1>d:\projects\dogeball\dogeball\component_doge_physics.cpp(48): warning C4244: 'argument' : conversion from 'float' to 'int', possible loss of data
     1>d:\projects\dogeball\dogeball\component_doge_physics.cpp(53): warning C4244: 'argument' : conversion from 'float' to 'int', possible loss of data
     1>d:\projects\dogeball\dogeball\component_doge_physics.cpp(58): warning C4244: 'argument' : conversion from 'float' to 'int', possible loss of data
     1>d:\projects\dogeball\dogeball\component_doge_physics.cpp(64): warning C4244: 'argument' : conversion from 'float' to 'int', possible loss of data
     1>d:\projects\dogeball\dogeball\component_doge_physics.cpp(65): warning C4244: 'argument' : conversion from 'float' to 'int', possible loss of data
     1>d:\projects\dogeball\dogeball\component_doge_physics.cpp(71): warning C4244: 'argument' : conversion from 'float' to 'int', possible loss of data
     1>d:\projects\dogeball\dogeball\component_doge_physics.cpp(72): warning C4244: 'argument' : conversion from 'float' to 'int', possible loss of data
         Component_Character_Graphics.cpp
         Component_Actor_Physics.cpp
         Component_Actor_Input.cpp
         Attacker_Physics.cpp
     1>d:\projects\dogeball\dogeball\attacker_physics.cpp(36): warning C4244: '=' : conversion from 'int' to 'float', possible loss of data
     1>d:\projects\dogeball\dogeball\attacker_physics.cpp(63): warning C4244: 'argument' : conversion from 'float' to 'int', possible loss of data
     1>d:\projects\dogeball\dogeball\attacker_physics.cpp(72): warning C4244: '=' : conversion from 'int' to 'float', possible loss of data
     1>d:\projects\dogeball\dogeball\attacker_physics.cpp(96): warning C4244: 'argument' : conversion from 'float' to 'int', possible loss of data
     1>d:\projects\dogeball\dogeball\attacker_physics.cpp(98): warning C4244: 'argument' : conversion from 'float' to 'int', possible loss of data
         Attacker_Input.cpp
         Attacker_Graphics.cpp
         Generating Code...
         Compiling...
         Sprite.cpp
         Player_Select_Graphics.cpp
     1>d:\projects\dogeball\dogeball\menu_input.h(39): error C2535: 'void Menu_Input::HandleMouse(const SDL_Event &)' : member function already defined or declared
                 d:\projects\dogeball\dogeball\menu_input.h(37) : see declaration of 'Menu_Input::HandleMouse'
         Options_Menu_Graphics.cpp
     1>d:\projects\dogeball\dogeball\menu_input.h(39): error C2535: 'void Menu_Input::HandleMouse(const SDL_Event &)' : member function already defined or declared
                 d:\projects\dogeball\dogeball\menu_input.h(37) : see declaration of 'Menu_Input::HandleMouse'
         Menu_Input.cpp
     1>d:\projects\dogeball\dogeball\menu_input.h(39): error C2535: 'void Menu_Input::HandleMouse(const SDL_Event &)' : member function already defined or declared
                 d:\projects\dogeball\dogeball\menu_input.h(37) : see declaration of 'Menu_Input::HandleMouse'
         Menu_Handler.cpp
     1>d:\projects\dogeball\dogeball\menu_input.h(39): error C2535: 'void Menu_Input::HandleMouse(const SDL_Event &)' : member function already defined or declared
                 d:\projects\dogeball\dogeball\menu_input.h(37) : see declaration of 'Menu_Input::HandleMouse'
         Menu.cpp
     1>d:\projects\dogeball\dogeball\menu_input.h(39): error C2535: 'void Menu_Input::HandleMouse(const SDL_Event &)' : member function already defined or declared
                 d:\projects\dogeball\dogeball\menu_input.h(37) : see declaration of 'Menu_Input::HandleMouse'
         Main_Menu_Graphics.cpp
     1>d:\projects\dogeball\dogeball\menu_input.h(39): error C2535: 'void Menu_Input::HandleMouse(const SDL_Event &)' : member function already defined or declared
                 d:\projects\dogeball\dogeball\menu_input.h(37) : see declaration of 'Menu_Input::HandleMouse'
         How2Play_Graphics.cpp
     1>d:\projects\dogeball\dogeball\menu_input.h(39): error C2535: 'void Menu_Input::HandleMouse(const SDL_Event &)' : member function already defined or declared
                 d:\projects\dogeball\dogeball\menu_input.h(37) : see declaration of 'Menu_Input::HandleMouse'
         High_Score_Graphics.cpp
     1>d:\projects\dogeball\dogeball\menu_input.h(39): error C2535: 'void Menu_Input::HandleMouse(const SDL_Event &)' : member function already defined or declared
                 d:\projects\dogeball\dogeball\menu_input.h(37) : see declaration of 'Menu_Input::HandleMouse'
         Game_Text.cpp
         Game_Sounds.cpp
         Game_Renderer.cpp
         Game_Actor.cpp
         Doge_Physics_Sml.cpp
         Doge_Physics_Med.cpp
         Doge_Physics_Big.cpp
         Doge_Physics_Arr.cpp
         Doge_Graphics.cpp
         Dodger_States.cpp
         Dodger_Graphics.cpp
         Generating Code...
     1>Done Building Project "D:\Projects\Dogeball\Dogeball\Dogeball.vcxproj" (Build target(s)) -- FAILED.

Build FAILED.

Time Elapsed 00:00:11.69
