C:\USERS\KONCEPTZ\DOCUMENTS\DOGEBALL\DOGEBALL\DEBUG\DOGE_PHYSICS_SML.OBJ
C:\USERS\KONCEPTZ\DOCUMENTS\DOGEBALL\DOGEBALL\DEBUG\GAME_ACTOR.OBJ
C:\USERS\KONCEPTZ\DOCUMENTS\DOGEBALL\DOGEBALL\DEBUG\GAME_COLLISION.OBJ
C:\USERS\KONCEPTZ\DOCUMENTS\DOGEBALL\DOGEBALL\DEBUG\GAME_RENDERER.OBJ
C:\USERS\KONCEPTZ\DOCUMENTS\DOGEBALL\DOGEBALL\DEBUG\GAME_SOUNDS.OBJ
C:\USERS\KONCEPTZ\DOCUMENTS\DOGEBALL\DOGEBALL\DEBUG\GAME_TEXT.OBJ
C:\USERS\KONCEPTZ\DOCUMENTS\DOGEBALL\DOGEBALL\DEBUG\GAME_TIMER.OBJ
C:\USERS\KONCEPTZ\DOCUMENTS\DOGEBALL\DOGEBALL\DEBUG\GAME_WINDOW.OBJ
C:\USERS\KONCEPTZ\DOCUMENTS\DOGEBALL\DOGEBALL\DEBUG\HIGH_SCORE_GRAPHICS.OBJ
C:\USERS\KONCEPTZ\DOCUMENTS\DOGEBALL\DOGEBALL\DEBUG\HOW2PLAY_GRAPHICS.OBJ
C:\USERS\KONCEPTZ\DOCUMENTS\DOGEBALL\DOGEBALL\DEBUG\MAIN.OBJ
C:\USERS\KONCEPTZ\DOCUMENTS\DOGEBALL\DOGEBALL\DEBUG\MAIN_LOOP.OBJ
C:\USERS\KONCEPTZ\DOCUMENTS\DOGEBALL\DOGEBALL\DEBUG\MAIN_MENU_GRAPHICS.OBJ
C:\USERS\KONCEPTZ\DOCUMENTS\DOGEBALL\DOGEBALL\DEBUG\MENU.OBJ
C:\USERS\KONCEPTZ\DOCUMENTS\DOGEBALL\DOGEBALL\DEBUG\COMPONENT_MENU_GRAPHICS.OBJ
C:\USERS\KONCEPTZ\DOCUMENTS\DOGEBALL\DOGEBALL\DEBUG\MENU_HANDLER.OBJ
C:\USERS\KONCEPTZ\DOCUMENTS\DOGEBALL\DOGEBALL\DEBUG\MENU_INPUT.OBJ
C:\USERS\KONCEPTZ\DOCUMENTS\DOGEBALL\DOGEBALL\DEBUG\OPTIONS_MENU_GRAPHICS.OBJ
C:\USERS\KONCEPTZ\DOCUMENTS\DOGEBALL\DOGEBALL\DEBUG\PLAYER_SELECT_GRAPHICS.OBJ
C:\USERS\KONCEPTZ\DOCUMENTS\DOGEBALL\DOGEBALL\DEBUG\SPRITE.OBJ
C:\USERS\KONCEPTZ\DOCUMENTS\DOGEBALL\DOGEBALL\DEBUG\ATTACKER_GRAPHICS.OBJ
C:\USERS\KONCEPTZ\DOCUMENTS\DOGEBALL\DOGEBALL\DEBUG\ATTACKER_INPUT.OBJ
C:\USERS\KONCEPTZ\DOCUMENTS\DOGEBALL\DOGEBALL\DEBUG\ATTACKER_PHYSICS.OBJ
C:\USERS\KONCEPTZ\DOCUMENTS\DOGEBALL\DOGEBALL\DEBUG\COMPONENT_ACTOR_INPUT.OBJ
C:\USERS\KONCEPTZ\DOCUMENTS\DOGEBALL\DOGEBALL\DEBUG\COMPONENT_ACTOR_PHYSICS.OBJ
C:\USERS\KONCEPTZ\DOCUMENTS\DOGEBALL\DOGEBALL\DEBUG\COMPONENT_CHARACTER_GRAPHICS.OBJ
C:\USERS\KONCEPTZ\DOCUMENTS\DOGEBALL\DOGEBALL\DEBUG\COMPONENT_DOGE_PHYSICS.OBJ
C:\USERS\KONCEPTZ\DOCUMENTS\DOGEBALL\DOGEBALL\DEBUG\DODGER_GRAPHICS.OBJ
C:\USERS\KONCEPTZ\DOCUMENTS\DOGEBALL\DOGEBALL\DEBUG\DODGER_INPUT.OBJ
C:\USERS\KONCEPTZ\DOCUMENTS\DOGEBALL\DOGEBALL\DEBUG\DODGER_PHYSICS.OBJ
C:\USERS\KONCEPTZ\DOCUMENTS\DOGEBALL\DOGEBALL\DEBUG\DODGER_STATES.OBJ
C:\USERS\KONCEPTZ\DOCUMENTS\DOGEBALL\DOGEBALL\DEBUG\DOGE.OBJ
C:\USERS\KONCEPTZ\DOCUMENTS\DOGEBALL\DOGEBALL\DEBUG\DOGE_GRAPHICS.OBJ
C:\USERS\KONCEPTZ\DOCUMENTS\DOGEBALL\DOGEBALL\DEBUG\DOGE_HANDLER.OBJ
C:\USERS\KONCEPTZ\DOCUMENTS\DOGEBALL\DOGEBALL\DEBUG\DOGE_PHYSICS_ARR.OBJ
C:\USERS\KONCEPTZ\DOCUMENTS\DOGEBALL\DOGEBALL\DEBUG\DOGE_PHYSICS_BIG.OBJ
C:\USERS\KONCEPTZ\DOCUMENTS\DOGEBALL\DOGEBALL\DEBUG\DOGE_PHYSICS_MED.OBJ
C:\USERS\KONCEPTZ\DOCUMENTS\DOGEBALL\DOGEBALL\DEBUG\VC110.PDB
C:\USERS\KONCEPTZ\DOCUMENTS\DOGEBALL\DOGEBALL\DEBUG\DOGEBALL.RES
C:\Users\Konceptz\Documents\Dogeball\Dogeball\Debug\Attacker_Graphics.obj
C:\Users\Konceptz\Documents\Dogeball\Dogeball\Debug\Attacker_Input.obj
C:\Users\Konceptz\Documents\Dogeball\Dogeball\Debug\Attacker_Physics.obj
C:\Users\Konceptz\Documents\Dogeball\Dogeball\Debug\Component_Actor_Input.obj
C:\Users\Konceptz\Documents\Dogeball\Dogeball\Debug\Component_Actor_Physics.obj
C:\Users\Konceptz\Documents\Dogeball\Dogeball\Debug\Component_Character_Graphics.obj
C:\Users\Konceptz\Documents\Dogeball\Dogeball\Debug\Component_Doge_Physics.obj
C:\Users\Konceptz\Documents\Dogeball\Dogeball\Debug\Component_Menu_Graphics.obj
C:\Users\Konceptz\Documents\Dogeball\Dogeball\Debug\Dodger_Graphics.obj
C:\Users\Konceptz\Documents\Dogeball\Dogeball\Debug\Dodger_Input.obj
C:\Users\Konceptz\Documents\Dogeball\Dogeball\Debug\Dodger_Physics.obj
C:\Users\Konceptz\Documents\Dogeball\Dogeball\Debug\Dodger_States.obj
C:\Users\Konceptz\Documents\Dogeball\Dogeball\Debug\Doge.obj
C:\Users\Konceptz\Documents\Dogeball\Dogeball\Debug\Doge_Graphics.obj
C:\Users\Konceptz\Documents\Dogeball\Dogeball\Debug\Doge_Handler.obj
C:\Users\Konceptz\Documents\Dogeball\Dogeball\Debug\Doge_Physics_Arr.obj
C:\Users\Konceptz\Documents\Dogeball\Dogeball\Debug\Doge_Physics_Big.obj
C:\Users\Konceptz\Documents\Dogeball\Dogeball\Debug\Doge_Physics_Med.obj
C:\Users\Konceptz\Documents\Dogeball\Dogeball\Debug\Doge_Physics_Sml.obj
C:\Users\Konceptz\Documents\Dogeball\Dogeball\Debug\Game_Actor.obj
C:\Users\Konceptz\Documents\Dogeball\Dogeball\Debug\Game_Collision.obj
C:\Users\Konceptz\Documents\Dogeball\Dogeball\Debug\Game_Renderer.obj
C:\Users\Konceptz\Documents\Dogeball\Dogeball\Debug\Game_Sounds.obj
C:\Users\Konceptz\Documents\Dogeball\Dogeball\Debug\Game_Text.obj
C:\Users\Konceptz\Documents\Dogeball\Dogeball\Debug\Game_Timer.obj
C:\Users\Konceptz\Documents\Dogeball\Dogeball\Debug\Game_Window.obj
C:\Users\Konceptz\Documents\Dogeball\Dogeball\Debug\High_Score_Graphics.obj
C:\Users\Konceptz\Documents\Dogeball\Dogeball\Debug\How2Play_Graphics.obj
C:\Users\Konceptz\Documents\Dogeball\Dogeball\Debug\Main.obj
C:\Users\Konceptz\Documents\Dogeball\Dogeball\Debug\Main_Loop.obj
C:\Users\Konceptz\Documents\Dogeball\Dogeball\Debug\Main_Menu_Graphics.obj
C:\Users\Konceptz\Documents\Dogeball\Dogeball\Debug\Menu.obj
C:\Users\Konceptz\Documents\Dogeball\Dogeball\Debug\Menu_Handler.obj
C:\Users\Konceptz\Documents\Dogeball\Dogeball\Debug\Menu_Input.obj
C:\Users\Konceptz\Documents\Dogeball\Dogeball\Debug\Options_Menu_Graphics.obj
C:\Users\Konceptz\Documents\Dogeball\Dogeball\Debug\Player_Select_Graphics.obj
C:\Users\Konceptz\Documents\Dogeball\Dogeball\Debug\Sprite.obj
C:\Users\Konceptz\Documents\Dogeball\Dogeball\Debug\cl.command.1.tlog
C:\Users\Konceptz\Documents\Dogeball\Dogeball\Debug\CL.read.1.tlog
C:\Users\Konceptz\Documents\Dogeball\Dogeball\Debug\CL.write.1.tlog
C:\Users\Konceptz\Documents\Dogeball\Dogeball\Debug\link-cvtres.read.1.tlog
C:\Users\Konceptz\Documents\Dogeball\Dogeball\Debug\link-cvtres.write.1.tlog
C:\Users\Konceptz\Documents\Dogeball\Dogeball\Debug\link-rc.read.1.tlog
C:\Users\Konceptz\Documents\Dogeball\Dogeball\Debug\link-rc.write.1.tlog
C:\Users\Konceptz\Documents\Dogeball\Dogeball\Debug\link.command.1.tlog
C:\Users\Konceptz\Documents\Dogeball\Dogeball\Debug\link.read.1.tlog
C:\Users\Konceptz\Documents\Dogeball\Dogeball\Debug\link.write.1.tlog
C:\Users\Konceptz\Documents\Dogeball\Dogeball\Debug\rc.command.1.tlog
C:\Users\Konceptz\Documents\Dogeball\Dogeball\Debug\rc.read.1.tlog
C:\Users\Konceptz\Documents\Dogeball\Dogeball\Debug\rc.write.1.tlog
C:\Users\Konceptz\Documents\Dogeball\Dogeball\Debug\Dogeball.res
C:\Users\Konceptz\Documents\Dogeball\Dogeball\Debug\vc110.idb
C:\Users\Konceptz\Documents\Dogeball\Dogeball\Debug\vc110.pdb
C:\Users\Konceptz\Documents\Dogeball\Debug\Dogeball.pdb
