C:\USERS\KONCEPTZ\DOCUMENTS\DOGEBALL\DOGEBALL\RELEASE\GAME_COLLISION.OBJ
C:\USERS\KONCEPTZ\DOCUMENTS\DOGEBALL\DOGEBALL\RELEASE\GAME_ACTOR.OBJ
C:\USERS\KONCEPTZ\DOCUMENTS\DOGEBALL\DOGEBALL\RELEASE\DOGE_PHYSICS_SML.OBJ
C:\USERS\KONCEPTZ\DOCUMENTS\DOGEBALL\DOGEBALL\RELEASE\DOGE_PHYSICS_MED.OBJ
C:\USERS\KONCEPTZ\DOCUMENTS\DOGEBALL\DOGEBALL\RELEASE\DOGE_PHYSICS_BIG.OBJ
C:\USERS\KONCEPTZ\DOCUMENTS\DOGEBALL\DOGEBALL\RELEASE\DOGE_PHYSICS_ARR.OBJ
C:\USERS\KONCEPTZ\DOCUMENTS\DOGEBALL\DOGEBALL\RELEASE\DOGE_HANDLER.OBJ
C:\USERS\KONCEPTZ\DOCUMENTS\DOGEBALL\DOGEBALL\RELEASE\DOGE_GRAPHICS.OBJ
C:\USERS\KONCEPTZ\DOCUMENTS\DOGEBALL\DOGEBALL\RELEASE\DOGE.OBJ
C:\USERS\KONCEPTZ\DOCUMENTS\DOGEBALL\DOGEBALL\RELEASE\DODGER_STATES.OBJ
C:\USERS\KONCEPTZ\DOCUMENTS\DOGEBALL\DOGEBALL\RELEASE\DODGER_PHYSICS.OBJ
C:\USERS\KONCEPTZ\DOCUMENTS\DOGEBALL\DOGEBALL\RELEASE\DODGER_INPUT.OBJ
C:\USERS\KONCEPTZ\DOCUMENTS\DOGEBALL\DOGEBALL\RELEASE\DODGER_GRAPHICS.OBJ
C:\USERS\KONCEPTZ\DOCUMENTS\DOGEBALL\DOGEBALL\RELEASE\COMPONENT_DOGE_PHYSICS.OBJ
C:\USERS\KONCEPTZ\DOCUMENTS\DOGEBALL\DOGEBALL\RELEASE\COMPONENT_CHARACTER_GRAPHICS.OBJ
C:\USERS\KONCEPTZ\DOCUMENTS\DOGEBALL\DOGEBALL\RELEASE\COMPONENT_ACTOR_PHYSICS.OBJ
C:\USERS\KONCEPTZ\DOCUMENTS\DOGEBALL\DOGEBALL\RELEASE\COMPONENT_ACTOR_INPUT.OBJ
C:\USERS\KONCEPTZ\DOCUMENTS\DOGEBALL\DOGEBALL\RELEASE\ATTACKER_PHYSICS.OBJ
C:\USERS\KONCEPTZ\DOCUMENTS\DOGEBALL\DOGEBALL\RELEASE\ATTACKER_INPUT.OBJ
C:\USERS\KONCEPTZ\DOCUMENTS\DOGEBALL\DOGEBALL\RELEASE\ATTACKER_GRAPHICS.OBJ
C:\USERS\KONCEPTZ\DOCUMENTS\DOGEBALL\DOGEBALL\RELEASE\SPRITE.OBJ
C:\USERS\KONCEPTZ\DOCUMENTS\DOGEBALL\DOGEBALL\RELEASE\PLAYER_SELECT_GRAPHICS.OBJ
C:\USERS\KONCEPTZ\DOCUMENTS\DOGEBALL\DOGEBALL\RELEASE\OPTIONS_MENU_GRAPHICS.OBJ
C:\USERS\KONCEPTZ\DOCUMENTS\DOGEBALL\DOGEBALL\RELEASE\MENU_INPUT.OBJ
C:\USERS\KONCEPTZ\DOCUMENTS\DOGEBALL\DOGEBALL\RELEASE\MENU_HANDLER.OBJ
C:\USERS\KONCEPTZ\DOCUMENTS\DOGEBALL\DOGEBALL\RELEASE\COMPONENT_MENU_GRAPHICS.OBJ
C:\USERS\KONCEPTZ\DOCUMENTS\DOGEBALL\DOGEBALL\RELEASE\MENU.OBJ
C:\USERS\KONCEPTZ\DOCUMENTS\DOGEBALL\DOGEBALL\RELEASE\MAIN_MENU_GRAPHICS.OBJ
C:\USERS\KONCEPTZ\DOCUMENTS\DOGEBALL\DOGEBALL\RELEASE\MAIN_LOOP.OBJ
C:\USERS\KONCEPTZ\DOCUMENTS\DOGEBALL\DOGEBALL\RELEASE\MAIN.OBJ
C:\USERS\KONCEPTZ\DOCUMENTS\DOGEBALL\DOGEBALL\RELEASE\HOW2PLAY_GRAPHICS.OBJ
C:\USERS\KONCEPTZ\DOCUMENTS\DOGEBALL\DOGEBALL\RELEASE\HIGH_SCORE_GRAPHICS.OBJ
C:\USERS\KONCEPTZ\DOCUMENTS\DOGEBALL\DOGEBALL\RELEASE\GAME_WINDOW.OBJ
C:\USERS\KONCEPTZ\DOCUMENTS\DOGEBALL\DOGEBALL\RELEASE\GAME_TIMER.OBJ
C:\USERS\KONCEPTZ\DOCUMENTS\DOGEBALL\DOGEBALL\RELEASE\GAME_TEXT.OBJ
C:\USERS\KONCEPTZ\DOCUMENTS\DOGEBALL\DOGEBALL\RELEASE\GAME_SOUNDS.OBJ
C:\USERS\KONCEPTZ\DOCUMENTS\DOGEBALL\DOGEBALL\RELEASE\GAME_RENDERER.OBJ
C:\USERS\KONCEPTZ\DOCUMENTS\DOGEBALL\DOGEBALL\RELEASE\VC110.PDB
C:\USERS\KONCEPTZ\DOCUMENTS\DOGEBALL\RELEASE\DOGEBALL.EXE
C:\USERS\KONCEPTZ\DOCUMENTS\DOGEBALL\RELEASE\DOGEBALL.PDB
C:\USERS\KONCEPTZ\DOCUMENTS\DOGEBALL\DOGEBALL\RELEASE\DOGEBALL.RES
C:\Users\Konceptz\Documents\Dogeball\Dogeball\Release\Attacker_Graphics.obj
C:\Users\Konceptz\Documents\Dogeball\Dogeball\Release\Attacker_Input.obj
C:\Users\Konceptz\Documents\Dogeball\Dogeball\Release\Attacker_Physics.obj
C:\Users\Konceptz\Documents\Dogeball\Dogeball\Release\Component_Actor_Input.obj
C:\Users\Konceptz\Documents\Dogeball\Dogeball\Release\Component_Actor_Physics.obj
C:\Users\Konceptz\Documents\Dogeball\Dogeball\Release\Component_Character_Graphics.obj
C:\Users\Konceptz\Documents\Dogeball\Dogeball\Release\Component_Doge_Physics.obj
C:\Users\Konceptz\Documents\Dogeball\Dogeball\Release\Component_Menu_Graphics.obj
C:\Users\Konceptz\Documents\Dogeball\Dogeball\Release\Dodger_Graphics.obj
C:\Users\Konceptz\Documents\Dogeball\Dogeball\Release\Dodger_Input.obj
C:\Users\Konceptz\Documents\Dogeball\Dogeball\Release\Dodger_Physics.obj
C:\Users\Konceptz\Documents\Dogeball\Dogeball\Release\Dodger_States.obj
C:\Users\Konceptz\Documents\Dogeball\Dogeball\Release\Doge.obj
C:\Users\Konceptz\Documents\Dogeball\Dogeball\Release\Doge_Graphics.obj
C:\Users\Konceptz\Documents\Dogeball\Dogeball\Release\Doge_Handler.obj
C:\Users\Konceptz\Documents\Dogeball\Dogeball\Release\Doge_Physics_Arr.obj
C:\Users\Konceptz\Documents\Dogeball\Dogeball\Release\Doge_Physics_Big.obj
C:\Users\Konceptz\Documents\Dogeball\Dogeball\Release\Doge_Physics_Med.obj
C:\Users\Konceptz\Documents\Dogeball\Dogeball\Release\Doge_Physics_Sml.obj
C:\Users\Konceptz\Documents\Dogeball\Dogeball\Release\Game_Actor.obj
C:\Users\Konceptz\Documents\Dogeball\Dogeball\Release\Game_Collision.obj
C:\Users\Konceptz\Documents\Dogeball\Dogeball\Release\Game_Renderer.obj
C:\Users\Konceptz\Documents\Dogeball\Dogeball\Release\Game_Sounds.obj
C:\Users\Konceptz\Documents\Dogeball\Dogeball\Release\Game_Text.obj
C:\Users\Konceptz\Documents\Dogeball\Dogeball\Release\Game_Timer.obj
C:\Users\Konceptz\Documents\Dogeball\Dogeball\Release\Game_Window.obj
C:\Users\Konceptz\Documents\Dogeball\Dogeball\Release\High_Score_Graphics.obj
C:\Users\Konceptz\Documents\Dogeball\Dogeball\Release\How2Play_Graphics.obj
C:\Users\Konceptz\Documents\Dogeball\Dogeball\Release\Main.obj
C:\Users\Konceptz\Documents\Dogeball\Dogeball\Release\Main_Loop.obj
C:\Users\Konceptz\Documents\Dogeball\Dogeball\Release\Main_Menu_Graphics.obj
C:\Users\Konceptz\Documents\Dogeball\Dogeball\Release\Menu.obj
C:\Users\Konceptz\Documents\Dogeball\Dogeball\Release\Menu_Handler.obj
C:\Users\Konceptz\Documents\Dogeball\Dogeball\Release\Menu_Input.obj
C:\Users\Konceptz\Documents\Dogeball\Dogeball\Release\Options_Menu_Graphics.obj
C:\Users\Konceptz\Documents\Dogeball\Dogeball\Release\Player_Select_Graphics.obj
C:\Users\Konceptz\Documents\Dogeball\Dogeball\Release\Sprite.obj
C:\Users\Konceptz\Documents\Dogeball\Dogeball\Release\cl.command.1.tlog
C:\Users\Konceptz\Documents\Dogeball\Dogeball\Release\CL.read.1.tlog
C:\Users\Konceptz\Documents\Dogeball\Dogeball\Release\CL.write.1.tlog
C:\Users\Konceptz\Documents\Dogeball\Dogeball\Release\link-cvtres.read.1.tlog
C:\Users\Konceptz\Documents\Dogeball\Dogeball\Release\link-cvtres.write.1.tlog
C:\Users\Konceptz\Documents\Dogeball\Dogeball\Release\link-rc.read.1.tlog
C:\Users\Konceptz\Documents\Dogeball\Dogeball\Release\link-rc.write.1.tlog
C:\Users\Konceptz\Documents\Dogeball\Dogeball\Release\link.command.1.tlog
C:\Users\Konceptz\Documents\Dogeball\Dogeball\Release\link.read.1.tlog
C:\Users\Konceptz\Documents\Dogeball\Dogeball\Release\link.write.1.tlog
C:\Users\Konceptz\Documents\Dogeball\Dogeball\Release\rc.command.1.tlog
C:\Users\Konceptz\Documents\Dogeball\Dogeball\Release\rc.read.1.tlog
C:\Users\Konceptz\Documents\Dogeball\Dogeball\Release\rc.write.1.tlog
C:\Users\Konceptz\Documents\Dogeball\Dogeball\Release\Dogeball.res
C:\Users\Konceptz\Documents\Dogeball\Dogeball\Release\vc110.pdb
C:\Users\Konceptz\Documents\Dogeball\Release\Dogeball.pdb
C:\Users\Konceptz\Documents\Dogeball\Release\Dogeball.exe
